# Logfile created on 2010-10-22 15:02:12 +0100 by logger.rb/25413
REQUESTING PAGE: GET / with {} and HTTP headers {}
REQUESTING PAGE: GET /about with {} and HTTP headers {"HTTP_REFERER"=>"/"}
REQUESTING PAGE: GET / with {} and HTTP headers {"HTTP_REFERER"=>"/about"}
REQUESTING PAGE: GET /why_register with {} and HTTP headers {"HTTP_REFERER"=>"/"}
REQUESTING PAGE: GET /faqs with {} and HTTP headers {"HTTP_REFERER"=>"/why_register"}
REQUESTING PAGE: GET /find_training with {} and HTTP headers {"HTTP_REFERER"=>"/faqs"}
REQUESTING PAGE: GET /signup with {} and HTTP headers {"HTTP_REFERER"=>"/find_training"}
REQUESTING PAGE: GET /login with {} and HTTP headers {"HTTP_REFERER"=>"/signup"}
REQUESTING PAGE: GET / with {} and HTTP headers {}
REQUESTING PAGE: GET /about with {} and HTTP headers {"HTTP_REFERER"=>"/"}
REQUESTING PAGE: GET / with {} and HTTP headers {"HTTP_REFERER"=>"/about"}
REQUESTING PAGE: GET /why_register with {} and HTTP headers {"HTTP_REFERER"=>"/"}
REQUESTING PAGE: GET /faqs with {} and HTTP headers {"HTTP_REFERER"=>"/why_register"}
REQUESTING PAGE: GET /find_training with {} and HTTP headers {"HTTP_REFERER"=>"/faqs"}
REQUESTING PAGE: GET /signup with {} and HTTP headers {"HTTP_REFERER"=>"/find_training"}
REQUESTING PAGE: GET /login with {} and HTTP headers {"HTTP_REFERER"=>"/signup"}
REQUESTING PAGE: GET / with {} and HTTP headers {}
REQUESTING PAGE: GET /about with {} and HTTP headers {"HTTP_REFERER"=>"/"}
REQUESTING PAGE: GET / with {} and HTTP headers {"HTTP_REFERER"=>"/about"}
REQUESTING PAGE: GET /why_register with {} and HTTP headers {"HTTP_REFERER"=>"/"}
REQUESTING PAGE: GET /faqs with {} and HTTP headers {"HTTP_REFERER"=>"/why_register"}
REQUESTING PAGE: GET /find_training with {} and HTTP headers {"HTTP_REFERER"=>"/faqs"}
REQUESTING PAGE: GET /signup with {} and HTTP headers {"HTTP_REFERER"=>"/find_training"}
REQUESTING PAGE: GET /login with {} and HTTP headers {"HTTP_REFERER"=>"/signup"}
REQUESTING PAGE: GET / with {} and HTTP headers {}
REQUESTING PAGE: GET /about with {} and HTTP headers {"HTTP_REFERER"=>"/"}
REQUESTING PAGE: GET / with {} and HTTP headers {"HTTP_REFERER"=>"/about"}
REQUESTING PAGE: GET /why_register with {} and HTTP headers {"HTTP_REFERER"=>"/"}
REQUESTING PAGE: GET /faqs with {} and HTTP headers {"HTTP_REFERER"=>"/why_register"}
REQUESTING PAGE: GET /find_training with {} and HTTP headers {"HTTP_REFERER"=>"/faqs"}
REQUESTING PAGE: GET /signup with {} and HTTP headers {"HTTP_REFERER"=>"/find_training"}
REQUESTING PAGE: GET /login with {} and HTTP headers {"HTTP_REFERER"=>"/signup"}
REQUESTING PAGE: GET / with {} and HTTP headers {}
REQUESTING PAGE: GET /about with {} and HTTP headers {"HTTP_REFERER"=>"/"}
REQUESTING PAGE: GET / with {} and HTTP headers {"HTTP_REFERER"=>"/about"}
REQUESTING PAGE: GET /why_register with {} and HTTP headers {"HTTP_REFERER"=>"/"}
REQUESTING PAGE: GET /faqs with {} and HTTP headers {"HTTP_REFERER"=>"/why_register"}
REQUESTING PAGE: GET /find_training with {} and HTTP headers {"HTTP_REFERER"=>"/faqs"}
REQUESTING PAGE: GET /signup with {} and HTTP headers {"HTTP_REFERER"=>"/find_training"}
REQUESTING PAGE: GET /login with {} and HTTP headers {"HTTP_REFERER"=>"/signup"}
REQUESTING PAGE: GET / with {} and HTTP headers {}
REQUESTING PAGE: GET /about with {} and HTTP headers {"HTTP_REFERER"=>"/"}
REQUESTING PAGE: GET / with {} and HTTP headers {"HTTP_REFERER"=>"/about"}
REQUESTING PAGE: GET /why_register with {} and HTTP headers {"HTTP_REFERER"=>"/"}
REQUESTING PAGE: GET /faqs with {} and HTTP headers {"HTTP_REFERER"=>"/why_register"}
REQUESTING PAGE: GET /find_training with {} and HTTP headers {"HTTP_REFERER"=>"/faqs"}
REQUESTING PAGE: GET /signup with {} and HTTP headers {"HTTP_REFERER"=>"/find_training"}
REQUESTING PAGE: GET /login with {} and HTTP headers {"HTTP_REFERER"=>"/signup"}
REQUESTING PAGE: GET / with {} and HTTP headers {}
REQUESTING PAGE: GET /about with {} and HTTP headers {"HTTP_REFERER"=>"/"}
REQUESTING PAGE: GET / with {} and HTTP headers {"HTTP_REFERER"=>"/about"}
REQUESTING PAGE: GET /why_register with {} and HTTP headers {"HTTP_REFERER"=>"/"}
REQUESTING PAGE: GET /faqs with {} and HTTP headers {"HTTP_REFERER"=>"/why_register"}
REQUESTING PAGE: GET /find_training with {} and HTTP headers {"HTTP_REFERER"=>"/faqs"}
REQUESTING PAGE: GET /signup with {} and HTTP headers {"HTTP_REFERER"=>"/find_training"}
REQUESTING PAGE: GET /login with {} and HTTP headers {"HTTP_REFERER"=>"/signup"}
REQUESTING PAGE: GET / with {} and HTTP headers {}
REQUESTING PAGE: GET /about with {} and HTTP headers {"HTTP_REFERER"=>"/"}
REQUESTING PAGE: GET / with {} and HTTP headers {"HTTP_REFERER"=>"/about"}
REQUESTING PAGE: GET /why_register with {} and HTTP headers {"HTTP_REFERER"=>"/"}
REQUESTING PAGE: GET /faqs with {} and HTTP headers {"HTTP_REFERER"=>"/why_register"}
REQUESTING PAGE: GET /find_training with {} and HTTP headers {"HTTP_REFERER"=>"/faqs"}
REQUESTING PAGE: GET /signup with {} and HTTP headers {"HTTP_REFERER"=>"/find_training"}
REQUESTING PAGE: GET /login with {} and HTTP headers {"HTTP_REFERER"=>"/signup"}
REQUESTING PAGE: GET / with {} and HTTP headers {}
REQUESTING PAGE: GET /about with {} and HTTP headers {"HTTP_REFERER"=>"/"}
REQUESTING PAGE: GET / with {} and HTTP headers {"HTTP_REFERER"=>"/about"}
REQUESTING PAGE: GET /why_register with {} and HTTP headers {"HTTP_REFERER"=>"/"}
REQUESTING PAGE: GET /faqs with {} and HTTP headers {"HTTP_REFERER"=>"/why_register"}
REQUESTING PAGE: GET /find_training with {} and HTTP headers {"HTTP_REFERER"=>"/faqs"}
REQUESTING PAGE: GET /signup with {} and HTTP headers {"HTTP_REFERER"=>"/find_training"}
REQUESTING PAGE: GET /login with {} and HTTP headers {"HTTP_REFERER"=>"/signup"}
REQUESTING PAGE: GET / with {} and HTTP headers {}
REQUESTING PAGE: GET /about with {} and HTTP headers {"HTTP_REFERER"=>"/"}
REQUESTING PAGE: GET / with {} and HTTP headers {"HTTP_REFERER"=>"/about"}
REQUESTING PAGE: GET /why_register with {} and HTTP headers {"HTTP_REFERER"=>"/"}
REQUESTING PAGE: GET /faqs with {} and HTTP headers {"HTTP_REFERER"=>"/why_register"}
REQUESTING PAGE: GET /find_training with {} and HTTP headers {"HTTP_REFERER"=>"/faqs"}
REQUESTING PAGE: GET /signup with {} and HTTP headers {"HTTP_REFERER"=>"/find_training"}
REQUESTING PAGE: GET /login with {} and HTTP headers {"HTTP_REFERER"=>"/signup"}
REQUESTING PAGE: GET / with {} and HTTP headers {}
REQUESTING PAGE: GET /about with {} and HTTP headers {"HTTP_REFERER"=>"/"}
REQUESTING PAGE: GET / with {} and HTTP headers {"HTTP_REFERER"=>"/about"}
REQUESTING PAGE: GET /why_register with {} and HTTP headers {"HTTP_REFERER"=>"/"}
REQUESTING PAGE: GET /faqs with {} and HTTP headers {"HTTP_REFERER"=>"/why_register"}
REQUESTING PAGE: GET /find_training with {} and HTTP headers {"HTTP_REFERER"=>"/faqs"}
REQUESTING PAGE: GET /signup with {} and HTTP headers {"HTTP_REFERER"=>"/find_training"}
REQUESTING PAGE: GET /login with {} and HTTP headers {"HTTP_REFERER"=>"/signup"}
REQUESTING PAGE: GET / with {} and HTTP headers {}
REQUESTING PAGE: GET /about with {} and HTTP headers {"HTTP_REFERER"=>"/"}
REQUESTING PAGE: GET / with {} and HTTP headers {"HTTP_REFERER"=>"/about"}
REQUESTING PAGE: GET /why_register with {} and HTTP headers {"HTTP_REFERER"=>"/"}
REQUESTING PAGE: GET /faqs with {} and HTTP headers {"HTTP_REFERER"=>"/why_register"}
REQUESTING PAGE: GET /find_training with {} and HTTP headers {"HTTP_REFERER"=>"/faqs"}
REQUESTING PAGE: GET /signup with {} and HTTP headers {"HTTP_REFERER"=>"/find_training"}
REQUESTING PAGE: GET /login with {} and HTTP headers {"HTTP_REFERER"=>"/signup"}
REQUESTING PAGE: GET / with {} and HTTP headers {}
REQUESTING PAGE: GET /about with {} and HTTP headers {"HTTP_REFERER"=>"/"}
REQUESTING PAGE: GET / with {} and HTTP headers {"HTTP_REFERER"=>"/about"}
REQUESTING PAGE: GET /why_register with {} and HTTP headers {"HTTP_REFERER"=>"/"}
REQUESTING PAGE: GET /faqs with {} and HTTP headers {"HTTP_REFERER"=>"/why_register"}
REQUESTING PAGE: GET /find_training with {} and HTTP headers {"HTTP_REFERER"=>"/faqs"}
REQUESTING PAGE: GET /signup with {} and HTTP headers {"HTTP_REFERER"=>"/find_training"}
REQUESTING PAGE: GET /login with {} and HTTP headers {"HTTP_REFERER"=>"/signup"}
REQUESTING PAGE: GET / with {} and HTTP headers {}
REQUESTING PAGE: GET /about with {} and HTTP headers {"HTTP_REFERER"=>"/"}
REQUESTING PAGE: GET / with {} and HTTP headers {"HTTP_REFERER"=>"/about"}
REQUESTING PAGE: GET /why_register with {} and HTTP headers {"HTTP_REFERER"=>"/"}
REQUESTING PAGE: GET /faqs with {} and HTTP headers {"HTTP_REFERER"=>"/why_register"}
REQUESTING PAGE: GET /find_training with {} and HTTP headers {"HTTP_REFERER"=>"/faqs"}
REQUESTING PAGE: GET /signup with {} and HTTP headers {"HTTP_REFERER"=>"/find_training"}
REQUESTING PAGE: GET /login with {} and HTTP headers {"HTTP_REFERER"=>"/signup"}
REQUESTING PAGE: GET / with {} and HTTP headers {}
REQUESTING PAGE: GET /about with {} and HTTP headers {"HTTP_REFERER"=>"/"}
REQUESTING PAGE: GET / with {} and HTTP headers {"HTTP_REFERER"=>"/about"}
REQUESTING PAGE: GET /why_register with {} and HTTP headers {"HTTP_REFERER"=>"/"}
REQUESTING PAGE: GET /faqs with {} and HTTP headers {"HTTP_REFERER"=>"/why_register"}
REQUESTING PAGE: GET /find_training with {} and HTTP headers {"HTTP_REFERER"=>"/faqs"}
REQUESTING PAGE: GET /signup with {} and HTTP headers {"HTTP_REFERER"=>"/find_training"}
REQUESTING PAGE: GET /login with {} and HTTP headers {"HTTP_REFERER"=>"/signup"}
REQUESTING PAGE: GET / with {} and HTTP headers {}
REQUESTING PAGE: GET /about with {} and HTTP headers {"HTTP_REFERER"=>"/"}
REQUESTING PAGE: GET / with {} and HTTP headers {"HTTP_REFERER"=>"/about"}
REQUESTING PAGE: GET /why_register with {} and HTTP headers {"HTTP_REFERER"=>"/"}
REQUESTING PAGE: GET /faqs with {} and HTTP headers {"HTTP_REFERER"=>"/why_register"}
REQUESTING PAGE: GET /find_training with {} and HTTP headers {"HTTP_REFERER"=>"/faqs"}
REQUESTING PAGE: GET /signup with {} and HTTP headers {"HTTP_REFERER"=>"/find_training"}
REQUESTING PAGE: GET /login with {} and HTTP headers {"HTTP_REFERER"=>"/signup"}
REQUESTING PAGE: GET / with {} and HTTP headers {}
REQUESTING PAGE: GET /about with {} and HTTP headers {"HTTP_REFERER"=>"/"}
REQUESTING PAGE: GET / with {} and HTTP headers {"HTTP_REFERER"=>"/about"}
REQUESTING PAGE: GET /why_register with {} and HTTP headers {"HTTP_REFERER"=>"/"}
REQUESTING PAGE: GET /faqs with {} and HTTP headers {"HTTP_REFERER"=>"/why_register"}
REQUESTING PAGE: GET /find_training with {} and HTTP headers {"HTTP_REFERER"=>"/faqs"}
REQUESTING PAGE: GET /signup with {} and HTTP headers {"HTTP_REFERER"=>"/find_training"}
REQUESTING PAGE: GET /login with {} and HTTP headers {"HTTP_REFERER"=>"/signup"}
REQUESTING PAGE: GET / with {} and HTTP headers {}
REQUESTING PAGE: GET /about with {} and HTTP headers {"HTTP_REFERER"=>"/"}
REQUESTING PAGE: GET / with {} and HTTP headers {"HTTP_REFERER"=>"/about"}
REQUESTING PAGE: GET /why_register with {} and HTTP headers {"HTTP_REFERER"=>"/"}
REQUESTING PAGE: GET /faqs with {} and HTTP headers {"HTTP_REFERER"=>"/why_register"}
REQUESTING PAGE: GET /find_training with {} and HTTP headers {"HTTP_REFERER"=>"/faqs"}
REQUESTING PAGE: GET /signup with {} and HTTP headers {"HTTP_REFERER"=>"/find_training"}
REQUESTING PAGE: GET /login with {} and HTTP headers {"HTTP_REFERER"=>"/signup"}
REQUESTING PAGE: GET / with {} and HTTP headers {}
REQUESTING PAGE: GET /about with {} and HTTP headers {"HTTP_REFERER"=>"/"}
REQUESTING PAGE: GET / with {} and HTTP headers {"HTTP_REFERER"=>"/about"}
REQUESTING PAGE: GET /why_register with {} and HTTP headers {"HTTP_REFERER"=>"/"}
REQUESTING PAGE: GET /faqs with {} and HTTP headers {"HTTP_REFERER"=>"/why_register"}
REQUESTING PAGE: GET /find_training with {} and HTTP headers {"HTTP_REFERER"=>"/faqs"}
REQUESTING PAGE: GET /signup with {} and HTTP headers {"HTTP_REFERER"=>"/find_training"}
REQUESTING PAGE: GET /login with {} and HTTP headers {"HTTP_REFERER"=>"/signup"}
REQUESTING PAGE: GET / with {} and HTTP headers {}
REQUESTING PAGE: GET /about with {} and HTTP headers {"HTTP_REFERER"=>"/"}
REQUESTING PAGE: GET / with {} and HTTP headers {"HTTP_REFERER"=>"/about"}
REQUESTING PAGE: GET /why_register with {} and HTTP headers {"HTTP_REFERER"=>"/"}
REQUESTING PAGE: GET /faqs with {} and HTTP headers {"HTTP_REFERER"=>"/why_register"}
REQUESTING PAGE: GET /find_training with {} and HTTP headers {"HTTP_REFERER"=>"/faqs"}
REQUESTING PAGE: GET /signup with {} and HTTP headers {"HTTP_REFERER"=>"/find_training"}
REQUESTING PAGE: GET /login with {} and HTTP headers {"HTTP_REFERER"=>"/signup"}
REQUESTING PAGE: GET / with {} and HTTP headers {}
REQUESTING PAGE: GET /about with {} and HTTP headers {"HTTP_REFERER"=>"/"}
REQUESTING PAGE: GET / with {} and HTTP headers {"HTTP_REFERER"=>"/about"}
REQUESTING PAGE: GET /why_register with {} and HTTP headers {"HTTP_REFERER"=>"/"}
REQUESTING PAGE: GET /faqs with {} and HTTP headers {"HTTP_REFERER"=>"/why_register"}
REQUESTING PAGE: GET /find_training with {} and HTTP headers {"HTTP_REFERER"=>"/faqs"}
REQUESTING PAGE: GET /signup with {} and HTTP headers {"HTTP_REFERER"=>"/find_training"}
REQUESTING PAGE: GET /login with {} and HTTP headers {"HTTP_REFERER"=>"/signup"}
REQUESTING PAGE: GET / with {} and HTTP headers {}
REQUESTING PAGE: GET /about with {} and HTTP headers {"HTTP_REFERER"=>"/"}
REQUESTING PAGE: GET / with {} and HTTP headers {"HTTP_REFERER"=>"/about"}
REQUESTING PAGE: GET /why_register with {} and HTTP headers {"HTTP_REFERER"=>"/"}
REQUESTING PAGE: GET /faqs with {} and HTTP headers {"HTTP_REFERER"=>"/why_register"}
REQUESTING PAGE: GET /find_training with {} and HTTP headers {"HTTP_REFERER"=>"/faqs"}
REQUESTING PAGE: GET /signup with {} and HTTP headers {"HTTP_REFERER"=>"/find_training"}
REQUESTING PAGE: GET /login with {} and HTTP headers {"HTTP_REFERER"=>"/signup"}
REQUESTING PAGE: GET / with {} and HTTP headers {}
REQUESTING PAGE: GET /about with {} and HTTP headers {"HTTP_REFERER"=>"/"}
REQUESTING PAGE: GET / with {} and HTTP headers {"HTTP_REFERER"=>"/about"}
REQUESTING PAGE: GET /why_register with {} and HTTP headers {"HTTP_REFERER"=>"/"}
REQUESTING PAGE: GET /faqs with {} and HTTP headers {"HTTP_REFERER"=>"/why_register"}
REQUESTING PAGE: GET /find_training with {} and HTTP headers {"HTTP_REFERER"=>"/faqs"}
REQUESTING PAGE: GET /signup with {} and HTTP headers {"HTTP_REFERER"=>"/find_training"}
REQUESTING PAGE: GET /login with {} and HTTP headers {"HTTP_REFERER"=>"/signup"}
REQUESTING PAGE: GET / with {} and HTTP headers {}
REQUESTING PAGE: GET /about with {} and HTTP headers {"HTTP_REFERER"=>"/"}
REQUESTING PAGE: GET / with {} and HTTP headers {"HTTP_REFERER"=>"/about"}
REQUESTING PAGE: GET /why_register with {} and HTTP headers {"HTTP_REFERER"=>"/"}
REQUESTING PAGE: GET /faqs with {} and HTTP headers {"HTTP_REFERER"=>"/why_register"}
REQUESTING PAGE: GET /find_training with {} and HTTP headers {"HTTP_REFERER"=>"/faqs"}
REQUESTING PAGE: GET /signup with {} and HTTP headers {"HTTP_REFERER"=>"/find_training"}
REQUESTING PAGE: GET /login with {} and HTTP headers {"HTTP_REFERER"=>"/signup"}
REQUESTING PAGE: GET / with {} and HTTP headers {}
REQUESTING PAGE: GET /about with {} and HTTP headers {"HTTP_REFERER"=>"/"}
REQUESTING PAGE: GET / with {} and HTTP headers {"HTTP_REFERER"=>"/about"}
REQUESTING PAGE: GET /why_register with {} and HTTP headers {"HTTP_REFERER"=>"/"}
REQUESTING PAGE: GET /faqs with {} and HTTP headers {"HTTP_REFERER"=>"/why_register"}
REQUESTING PAGE: GET /find_training with {} and HTTP headers {"HTTP_REFERER"=>"/faqs"}
REQUESTING PAGE: GET /signup with {} and HTTP headers {"HTTP_REFERER"=>"/find_training"}
REQUESTING PAGE: GET /login with {} and HTTP headers {"HTTP_REFERER"=>"/signup"}
REQUESTING PAGE: GET / with {} and HTTP headers {}
REQUESTING PAGE: GET /about with {} and HTTP headers {"HTTP_REFERER"=>"/"}
REQUESTING PAGE: GET / with {} and HTTP headers {"HTTP_REFERER"=>"/about"}
REQUESTING PAGE: GET /why_register with {} and HTTP headers {"HTTP_REFERER"=>"/"}
REQUESTING PAGE: GET /faqs with {} and HTTP headers {"HTTP_REFERER"=>"/why_register"}
REQUESTING PAGE: GET /find_training with {} and HTTP headers {"HTTP_REFERER"=>"/faqs"}
REQUESTING PAGE: GET /signup with {} and HTTP headers {"HTTP_REFERER"=>"/find_training"}
REQUESTING PAGE: GET /login with {} and HTTP headers {"HTTP_REFERER"=>"/signup"}
REQUESTING PAGE: GET / with {} and HTTP headers {}
REQUESTING PAGE: GET /about with {} and HTTP headers {"HTTP_REFERER"=>"/"}
REQUESTING PAGE: GET / with {} and HTTP headers {"HTTP_REFERER"=>"/about"}
REQUESTING PAGE: GET /why_register with {} and HTTP headers {"HTTP_REFERER"=>"/"}
REQUESTING PAGE: GET /faqs with {} and HTTP headers {"HTTP_REFERER"=>"/why_register"}
REQUESTING PAGE: GET /find_training with {} and HTTP headers {"HTTP_REFERER"=>"/faqs"}
REQUESTING PAGE: GET /signup with {} and HTTP headers {"HTTP_REFERER"=>"/find_training"}
REQUESTING PAGE: GET /login with {} and HTTP headers {"HTTP_REFERER"=>"/signup"}
REQUESTING PAGE: GET / with {} and HTTP headers {}
REQUESTING PAGE: GET /about with {} and HTTP headers {"HTTP_REFERER"=>"/"}
REQUESTING PAGE: GET / with {} and HTTP headers {"HTTP_REFERER"=>"/about"}
REQUESTING PAGE: GET /why_register with {} and HTTP headers {"HTTP_REFERER"=>"/"}
REQUESTING PAGE: GET /faqs with {} and HTTP headers {"HTTP_REFERER"=>"/why_register"}
REQUESTING PAGE: GET /find_training with {} and HTTP headers {"HTTP_REFERER"=>"/faqs"}
REQUESTING PAGE: GET /signup with {} and HTTP headers {"HTTP_REFERER"=>"/find_training"}
REQUESTING PAGE: GET /login with {} and HTTP headers {"HTTP_REFERER"=>"/signup"}
REQUESTING PAGE: GET / with {} and HTTP headers {}
REQUESTING PAGE: GET /about with {} and HTTP headers {"HTTP_REFERER"=>"/"}
REQUESTING PAGE: GET / with {} and HTTP headers {"HTTP_REFERER"=>"/about"}
REQUESTING PAGE: GET /why_register with {} and HTTP headers {"HTTP_REFERER"=>"/"}
REQUESTING PAGE: GET /faqs with {} and HTTP headers {"HTTP_REFERER"=>"/why_register"}
REQUESTING PAGE: GET /find_training with {} and HTTP headers {"HTTP_REFERER"=>"/faqs"}
REQUESTING PAGE: GET /signup with {} and HTTP headers {"HTTP_REFERER"=>"/find_training"}
REQUESTING PAGE: GET /login with {} and HTTP headers {"HTTP_REFERER"=>"/signup"}
REQUESTING PAGE: GET / with {} and HTTP headers {}
REQUESTING PAGE: GET /about with {} and HTTP headers {"HTTP_REFERER"=>"/"}
REQUESTING PAGE: GET / with {} and HTTP headers {"HTTP_REFERER"=>"/about"}
REQUESTING PAGE: GET /why_register with {} and HTTP headers {"HTTP_REFERER"=>"/"}
REQUESTING PAGE: GET /faqs with {} and HTTP headers {"HTTP_REFERER"=>"/why_register"}
REQUESTING PAGE: GET /find_training with {} and HTTP headers {"HTTP_REFERER"=>"/faqs"}
REQUESTING PAGE: GET /signup with {} and HTTP headers {"HTTP_REFERER"=>"/find_training"}
REQUESTING PAGE: GET /login with {} and HTTP headers {"HTTP_REFERER"=>"/signup"}
REQUESTING PAGE: GET / with {} and HTTP headers {}
REQUESTING PAGE: GET /about with {} and HTTP headers {"HTTP_REFERER"=>"/"}
REQUESTING PAGE: GET / with {} and HTTP headers {"HTTP_REFERER"=>"/about"}
REQUESTING PAGE: GET /why_register with {} and HTTP headers {"HTTP_REFERER"=>"/"}
REQUESTING PAGE: GET /faqs with {} and HTTP headers {"HTTP_REFERER"=>"/why_register"}
REQUESTING PAGE: GET /find_training with {} and HTTP headers {"HTTP_REFERER"=>"/faqs"}
REQUESTING PAGE: GET /signup with {} and HTTP headers {"HTTP_REFERER"=>"/find_training"}
REQUESTING PAGE: GET /login with {} and HTTP headers {"HTTP_REFERER"=>"/signup"}
REQUESTING PAGE: GET / with {} and HTTP headers {}
REQUESTING PAGE: GET /about with {} and HTTP headers {"HTTP_REFERER"=>"/"}
REQUESTING PAGE: GET / with {} and HTTP headers {"HTTP_REFERER"=>"/about"}
REQUESTING PAGE: GET /why_register with {} and HTTP headers {"HTTP_REFERER"=>"/"}
REQUESTING PAGE: GET /faqs with {} and HTTP headers {"HTTP_REFERER"=>"/why_register"}
REQUESTING PAGE: GET /find_training with {} and HTTP headers {"HTTP_REFERER"=>"/faqs"}
REQUESTING PAGE: GET /signup with {} and HTTP headers {"HTTP_REFERER"=>"/find_training"}
REQUESTING PAGE: GET /login with {} and HTTP headers {"HTTP_REFERER"=>"/signup"}
REQUESTING PAGE: GET / with {} and HTTP headers {}
REQUESTING PAGE: GET /about with {} and HTTP headers {"HTTP_REFERER"=>"/"}
REQUESTING PAGE: GET / with {} and HTTP headers {"HTTP_REFERER"=>"/about"}
REQUESTING PAGE: GET /why_register with {} and HTTP headers {"HTTP_REFERER"=>"/"}
REQUESTING PAGE: GET /faqs with {} and HTTP headers {"HTTP_REFERER"=>"/why_register"}
REQUESTING PAGE: GET /find_training with {} and HTTP headers {"HTTP_REFERER"=>"/faqs"}
REQUESTING PAGE: GET /signup with {} and HTTP headers {"HTTP_REFERER"=>"/find_training"}
REQUESTING PAGE: GET /login with {} and HTTP headers {"HTTP_REFERER"=>"/signup"}
REQUESTING PAGE: GET / with {} and HTTP headers {}
REQUESTING PAGE: GET /about with {} and HTTP headers {"HTTP_REFERER"=>"/"}
REQUESTING PAGE: GET / with {} and HTTP headers {"HTTP_REFERER"=>"/about"}
REQUESTING PAGE: GET /why_register with {} and HTTP headers {"HTTP_REFERER"=>"/"}
REQUESTING PAGE: GET /faqs with {} and HTTP headers {"HTTP_REFERER"=>"/why_register"}
REQUESTING PAGE: GET /find_training with {} and HTTP headers {"HTTP_REFERER"=>"/faqs"}
REQUESTING PAGE: GET /signup with {} and HTTP headers {"HTTP_REFERER"=>"/find_training"}
REQUESTING PAGE: GET /login with {} and HTTP headers {"HTTP_REFERER"=>"/signup"}
REQUESTING PAGE: GET / with {} and HTTP headers {}
REQUESTING PAGE: GET /about with {} and HTTP headers {"HTTP_REFERER"=>"/"}
REQUESTING PAGE: GET / with {} and HTTP headers {"HTTP_REFERER"=>"/about"}
REQUESTING PAGE: GET /why_register with {} and HTTP headers {"HTTP_REFERER"=>"/"}
REQUESTING PAGE: GET /faqs with {} and HTTP headers {"HTTP_REFERER"=>"/why_register"}
REQUESTING PAGE: GET /find_training with {} and HTTP headers {"HTTP_REFERER"=>"/faqs"}
REQUESTING PAGE: GET /signup with {} and HTTP headers {"HTTP_REFERER"=>"/find_training"}
REQUESTING PAGE: GET /login with {} and HTTP headers {"HTTP_REFERER"=>"/signup"}
REQUESTING PAGE: GET /signup with {} and HTTP headers {}
REQUESTING PAGE: POST /users with {"utf8"=>"\xE2\x9C\x93", "user"=>{"name"=>"", "email"=>"", "password"=>"", "password_confirmation"=>""}, "commit"=>"Sign Up"} and HTTP headers {"HTTP_REFERER"=>"/signup"}
REQUESTING PAGE: GET / with {} and HTTP headers {}
REQUESTING PAGE: GET /about with {} and HTTP headers {"HTTP_REFERER"=>"/"}
REQUESTING PAGE: GET / with {} and HTTP headers {"HTTP_REFERER"=>"/about"}
REQUESTING PAGE: GET /why_register with {} and HTTP headers {"HTTP_REFERER"=>"/"}
REQUESTING PAGE: GET /faqs with {} and HTTP headers {"HTTP_REFERER"=>"/why_register"}
REQUESTING PAGE: GET /find_training with {} and HTTP headers {"HTTP_REFERER"=>"/faqs"}
REQUESTING PAGE: GET /signup with {} and HTTP headers {"HTTP_REFERER"=>"/find_training"}
REQUESTING PAGE: GET /login with {} and HTTP headers {"HTTP_REFERER"=>"/signup"}
REQUESTING PAGE: GET /signup with {} and HTTP headers {}
REQUESTING PAGE: POST /users with {"utf8"=>"\xE2\x9C\x93", "user"=>{"name"=>"", "email"=>"", "password"=>"", "password_confirmation"=>""}, "commit"=>"Sign Up"} and HTTP headers {"HTTP_REFERER"=>"/signup"}
REQUESTING PAGE: GET /signup with {} and HTTP headers {}
REQUESTING PAGE: POST /users with {"utf8"=>"\xE2\x9C\x93", "user"=>{"name"=>"Example User", "email"=>"user@example.com", "password"=>"foobar", "password_confirmation"=>"foobar"}, "commit"=>"Sign Up"} and HTTP headers {"HTTP_REFERER"=>"/signup"}
REQUESTING PAGE: GET http://www.example.com/users/1 with {} and HTTP headers {"HTTP_REFERER"=>"/users"}
REQUESTING PAGE: GET / with {} and HTTP headers {}
REQUESTING PAGE: GET /about with {} and HTTP headers {"HTTP_REFERER"=>"/"}
REQUESTING PAGE: GET / with {} and HTTP headers {"HTTP_REFERER"=>"/about"}
REQUESTING PAGE: GET /why_register with {} and HTTP headers {"HTTP_REFERER"=>"/"}
REQUESTING PAGE: GET /faqs with {} and HTTP headers {"HTTP_REFERER"=>"/why_register"}
REQUESTING PAGE: GET /find_training with {} and HTTP headers {"HTTP_REFERER"=>"/faqs"}
REQUESTING PAGE: GET /signup with {} and HTTP headers {"HTTP_REFERER"=>"/find_training"}
REQUESTING PAGE: GET /login with {} and HTTP headers {"HTTP_REFERER"=>"/signup"}
REQUESTING PAGE: GET /signup with {} and HTTP headers {}
REQUESTING PAGE: POST /users with {"utf8"=>"\xE2\x9C\x93", "user"=>{"name"=>"", "email"=>"", "password"=>"", "password_confirmation"=>""}, "commit"=>"Sign Up"} and HTTP headers {"HTTP_REFERER"=>"/signup"}
REQUESTING PAGE: GET /signup with {} and HTTP headers {}
REQUESTING PAGE: POST /users with {"utf8"=>"\xE2\x9C\x93", "user"=>{"name"=>"Example User", "email"=>"user@example.com", "password"=>"foobar", "password_confirmation"=>"foobar"}, "commit"=>"Sign Up"} and HTTP headers {"HTTP_REFERER"=>"/signup"}
REQUESTING PAGE: GET http://www.example.com/users/1 with {} and HTTP headers {"HTTP_REFERER"=>"/users"}
REQUESTING PAGE: GET / with {} and HTTP headers {}
REQUESTING PAGE: GET /about with {} and HTTP headers {"HTTP_REFERER"=>"/"}
REQUESTING PAGE: GET / with {} and HTTP headers {"HTTP_REFERER"=>"/about"}
REQUESTING PAGE: GET /why_register with {} and HTTP headers {"HTTP_REFERER"=>"/"}
REQUESTING PAGE: GET /faqs with {} and HTTP headers {"HTTP_REFERER"=>"/why_register"}
REQUESTING PAGE: GET /find_training with {} and HTTP headers {"HTTP_REFERER"=>"/faqs"}
REQUESTING PAGE: GET /signup with {} and HTTP headers {"HTTP_REFERER"=>"/find_training"}
REQUESTING PAGE: GET /login with {} and HTTP headers {"HTTP_REFERER"=>"/signup"}
REQUESTING PAGE: GET /signup with {} and HTTP headers {}
REQUESTING PAGE: POST /users with {"utf8"=>"\xE2\x9C\x93", "user"=>{"name"=>"", "email"=>"", "password"=>"", "password_confirmation"=>""}, "commit"=>"Sign Up"} and HTTP headers {"HTTP_REFERER"=>"/signup"}
REQUESTING PAGE: GET /signup with {} and HTTP headers {}
REQUESTING PAGE: POST /users with {"utf8"=>"\xE2\x9C\x93", "user"=>{"name"=>"Example User", "email"=>"user@example.com", "password"=>"foobar", "password_confirmation"=>"foobar"}, "commit"=>"Sign Up"} and HTTP headers {"HTTP_REFERER"=>"/signup"}
REQUESTING PAGE: GET http://www.example.com/users/1 with {} and HTTP headers {"HTTP_REFERER"=>"/users"}
REQUESTING PAGE: GET / with {} and HTTP headers {}
REQUESTING PAGE: GET /about with {} and HTTP headers {"HTTP_REFERER"=>"/"}
REQUESTING PAGE: GET / with {} and HTTP headers {"HTTP_REFERER"=>"/about"}
REQUESTING PAGE: GET /why_register with {} and HTTP headers {"HTTP_REFERER"=>"/"}
REQUESTING PAGE: GET /faqs with {} and HTTP headers {"HTTP_REFERER"=>"/why_register"}
REQUESTING PAGE: GET /find_training with {} and HTTP headers {"HTTP_REFERER"=>"/faqs"}
REQUESTING PAGE: GET /signup with {} and HTTP headers {"HTTP_REFERER"=>"/find_training"}
REQUESTING PAGE: GET /login with {} and HTTP headers {"HTTP_REFERER"=>"/signup"}
REQUESTING PAGE: GET /signup with {} and HTTP headers {}
REQUESTING PAGE: POST /users with {"utf8"=>"\xE2\x9C\x93", "user"=>{"name"=>"", "email"=>"", "password"=>"", "password_confirmation"=>""}, "commit"=>"Sign Up"} and HTTP headers {"HTTP_REFERER"=>"/signup"}
REQUESTING PAGE: GET /signup with {} and HTTP headers {}
REQUESTING PAGE: POST /users with {"utf8"=>"\xE2\x9C\x93", "user"=>{"name"=>"Example User", "email"=>"user@example.com", "password"=>"foobar", "password_confirmation"=>"foobar"}, "commit"=>"Sign Up"} and HTTP headers {"HTTP_REFERER"=>"/signup"}
REQUESTING PAGE: GET http://www.example.com/users/1 with {} and HTTP headers {"HTTP_REFERER"=>"/users"}
REQUESTING PAGE: GET / with {} and HTTP headers {}
REQUESTING PAGE: GET /about with {} and HTTP headers {"HTTP_REFERER"=>"/"}
REQUESTING PAGE: GET / with {} and HTTP headers {"HTTP_REFERER"=>"/about"}
REQUESTING PAGE: GET /why_register with {} and HTTP headers {"HTTP_REFERER"=>"/"}
REQUESTING PAGE: GET /faqs with {} and HTTP headers {"HTTP_REFERER"=>"/why_register"}
REQUESTING PAGE: GET /find_training with {} and HTTP headers {"HTTP_REFERER"=>"/faqs"}
REQUESTING PAGE: GET /signup with {} and HTTP headers {"HTTP_REFERER"=>"/find_training"}
REQUESTING PAGE: GET /login with {} and HTTP headers {"HTTP_REFERER"=>"/signup"}
REQUESTING PAGE: GET /signup with {} and HTTP headers {}
REQUESTING PAGE: POST /users with {"utf8"=>"\xE2\x9C\x93", "user"=>{"name"=>"", "email"=>"", "password"=>"", "password_confirmation"=>""}, "commit"=>"Sign Up"} and HTTP headers {"HTTP_REFERER"=>"/signup"}
REQUESTING PAGE: GET /signup with {} and HTTP headers {}
REQUESTING PAGE: POST /users with {"utf8"=>"\xE2\x9C\x93", "user"=>{"name"=>"Example User", "email"=>"user@example.com", "password"=>"foobar", "password_confirmation"=>"foobar"}, "commit"=>"Sign Up"} and HTTP headers {"HTTP_REFERER"=>"/signup"}
REQUESTING PAGE: GET http://www.example.com/users/1 with {} and HTTP headers {"HTTP_REFERER"=>"/users"}
REQUESTING PAGE: GET / with {} and HTTP headers {}
REQUESTING PAGE: GET /about with {} and HTTP headers {"HTTP_REFERER"=>"/"}
REQUESTING PAGE: GET / with {} and HTTP headers {"HTTP_REFERER"=>"/about"}
REQUESTING PAGE: GET /why_register with {} and HTTP headers {"HTTP_REFERER"=>"/"}
REQUESTING PAGE: GET /faqs with {} and HTTP headers {"HTTP_REFERER"=>"/why_register"}
REQUESTING PAGE: GET /find_training with {} and HTTP headers {"HTTP_REFERER"=>"/faqs"}
REQUESTING PAGE: GET /signup with {} and HTTP headers {"HTTP_REFERER"=>"/find_training"}
REQUESTING PAGE: GET /login with {} and HTTP headers {"HTTP_REFERER"=>"/signup"}
